<?xml version="1.0" encoding="UTF-8"?>
<!-- Generated by org.testng.reporters.JUnitReportReporter -->
<testsuite hostname="DESKTOP-1EVTEJ0" failures="0" tests="4" name="APIRestAssured" time="2.565" errors="0" timestamp="2023-08-03T12:29:47 IST" skipped="0">
  <testcase classname="APIRestAssured" name="createNewUser" time="1.639"/>
  <testcase classname="APIRestAssured" name="updateUser" time="0.323"/>
  <testcase classname="APIRestAssured" name="getUser" time="0.199"/>
  <testcase classname="APIRestAssured" name="deleteUser" time="0.404"/>
</testsuite> <!-- APIRestAssured -->
